Log file open, 04/03/15 14:58:43
LogInit:Display: Running engine for game: WPSecondBreakfast
LogInit: Version: 4.6.1-2386410+++depot+UE4-Releases+4.6
LogInit: API Version: 2369412
LogInit: Compiled (64-bit): Dec 11 2014 21:31:39
LogInit: Compiled with Visual C++: 18.00.21005.01
LogInit: Build Configuration: Development
LogInit: Branch Name: ++depot+UE4-Releases+4.6
LogInit: Command line:  
LogInit: Base directory: C:/Program Files/Unreal Engine/4.6/Engine/Binaries/Win64/
LogInit: Rocket: 1
[2015.04.03-18.58.43:676][  0]LogTaskGraph: Started task graph with 3 named threads and 6 total threads.
[2015.04.03-18.58.43:749][  0]LogOnline:Warning: No default platform service specified for OnlineSubsystem
[2015.04.03-18.58.43:826][  0]LogInit: Presizing for 0 objects not considered by GC, pre-allocating 0 bytes.
[2015.04.03-18.58.43:838][  0]LogInit: Object subsystem initialized
[2015.04.03-18.58.43:840][  0]LogConsoleResponse:Warning: Skipping Unknown console variable: 'UIScaleRule = ShortestSide'
[2015.04.03-18.58.43:840][  0]LogConsoleResponse:Warning:   Found in ini file 'C:/Users/Zeetermin/Documents/Unreal Projects/WafflePigGhost/WPSecondBreakfast/Saved/Config/Windows/Engine.ini', in section '[/Script/Engine.RendererSettings]'
[2015.04.03-18.58.43:840][  0]LogConsoleResponse:Warning: Skipping Unknown console variable: 'UIScaleCurve = (EditorCurveData=(Keys=),ExternalCurve=None)'
[2015.04.03-18.58.43:840][  0]LogConsoleResponse:Warning:   Found in ini file 'C:/Users/Zeetermin/Documents/Unreal Projects/WafflePigGhost/WPSecondBreakfast/Saved/Config/Windows/Engine.ini', in section '[/Script/Engine.RendererSettings]'
[2015.04.03-18.58.43:840][  0]LogConsoleManager:Warning: Console variable 'r.MSAA.CompositingSampleCount' wasn't set (Priority ProjectSetting < Scalability)
[2015.04.03-18.58.43:841][  0]LogInit: Selected Device Profile: [Windows]
[2015.04.03-18.58.43:841][  0]LogInit: Applying CVar settings loaded from the selected device profile: [Windows]
[2015.04.03-18.58.43:851][  0]LogInit: Computer: VERONICA
[2015.04.03-18.58.43:851][  0]LogInit: User: Zeetermin
[2015.04.03-18.58.43:851][  0]LogInit: CPU Page size=4096, Cores=4
[2015.04.03-18.58.43:851][  0]LogInit: High frequency timer resolution =2.597705 MHz
[2015.04.03-18.58.43:851][  0]LogMemory: Memory total: Physical=6.0GB (6GB approx) Virtual=8192.0GB
[2015.04.03-18.58.43:851][  0]LogMemory: Platform Memory Stats for Windows
[2015.04.03-18.58.43:851][  0]LogMemory: Process Physical Memory: 51.12 MB used, 51.12 MB peak
[2015.04.03-18.58.43:851][  0]LogMemory: Process Virtual Memory: 26.80 MB used, 26.80 MB peak
[2015.04.03-18.58.43:851][  0]LogMemory: Physical Memory: 4016.09 MB used, 6135.18 MB total
[2015.04.03-18.58.43:851][  0]LogMemory: Virtual Memory: 266.51 MB used, 8388608.00 MB total
[2015.04.03-18.58.43:932][  0]LogD3D11RHI: Found D3D11 adapter 0: AMD Radeon R7 200 Series (Feature Level 11_0)
[2015.04.03-18.58.43:932][  0]LogD3D11RHI: Adapter has 2033MB of dedicated video memory, 0MB of dedicated system memory, and 2811MB of shared system memory, 1 output[s]
[2015.04.03-18.58.43:932][  0]LogD3D11RHI: Chosen D3D11 Adapter Id = 0
[2015.04.03-18.58.43:939][  0]LogRHI: Texture pool is 1361 MB (70% of 1945 MB)
[2015.04.03-18.58.43:948][  0]LogD3D11RHI: Async texture creation disabled: no driver support
[2015.04.03-18.58.44:161][  0]LogTextLocalizationManager: The requested culture ('en_US') has no localization data; parent culture's ('en') localization data will be used.
[2015.04.03-18.58.44:335][  0]LogContentStreaming: Texture pool size is 0.000000MB
[2015.04.03-18.58.53:015][  0]LogTargetPlatformManager:Display: Building Assets For Windows
[2015.04.03-18.58.53:798][  0]LogTargetPlatformManager:Display: Building Assets For Windows
[2015.04.03-18.58.53:907][  0]LogDerivedDataCache:Display: Max Cache Size: 512 MB
[2015.04.03-18.58.53:957][  0]LogDerivedDataCache: Loaded boot cache 0.05s 39MB C:/Users/Zeetermin/AppData/Local/UnrealEngine/4.6/DerivedDataCache/Boot.ddc.
[2015.04.03-18.58.53:957][  0]LogDerivedDataCache:Display: Loaded Boot cache: C:/Users/Zeetermin/AppData/Local/UnrealEngine/4.6/DerivedDataCache/Boot.ddc
[2015.04.03-18.58.53:957][  0]LogDerivedDataCache: FDerivedDataBackendGraph:  Pak pak cache file ../../../../../../Users/Zeetermin/Documents/Unreal Projects/WafflePigGhost/WPSecondBreakfast/DerivedDataCache/DDC.ddp not found, will not use a pak cache.
[2015.04.03-18.58.53:957][  0]LogDerivedDataCache: Unable to find inner node Pak for hierarchical cache Hierarchy.
[2015.04.03-18.58.54:045][  0]LogDerivedDataCache:Display: Pak cache opened for reading ../../../Engine/DerivedDataCache/DDC.ddp.
[2015.04.03-18.58.54:056][  0]LogDerivedDataCache: Using Local data cache path C:/Users/Zeetermin/AppData/Local/UnrealEngine/Common/DerivedDataCache: Writable
[2015.04.03-18.58.54:263][  0]LogCollisionProfile:Warning: Profile (UI) - Custom Channel Name = 'Weapon' hasn't been found
[2015.04.03-18.58.54:488][  0]LogMeshUtilities: No automatic mesh reduction module available
[2015.04.03-18.58.54:488][  0]LogMeshUtilities: No automatic mesh merging module available
[2015.04.03-18.58.55:076][  0]LogInit: WinSock: version 1.1 (2.2), MaxSocks=32767, MaxUdp=65467
[2015.04.03-18.58.55:228][  0]LogSlate:Warning: Failed to load font data from '../../../Engine/Content/Slate/Fonts/Roboto-Italic.ttf'
[2015.04.03-18.58.56:959][  0]UdpMessaging: Initializing bridge on interface 0.0.0.0:0 to multicast group 230.0.0.1:6666.
[2015.04.03-18.58.57:407][  0]LogDirectoryWatcher:Warning: Failed to begin reading directory changes for C:/Users/Zeetermin/Documents/Unreal Projects/WafflePigGhost/WPSecondBreakfast/Binaries/Win64. Error: 0
[2015.04.03-18.58.57:712][  0]SourceControl: Info Source control is disabled
[2015.04.03-18.58.57:712][  0]SourceControl: Info Source control is disabled
[2015.04.03-18.58.57:729][  0]SourceControl: Info Source control is disabled
[2015.04.03-18.58.58:114][  0]LogObj: 23755 objects as part of root set at end of initial load.
[2015.04.03-18.58.58:114][  0]LogUObjectAllocator: 5168328 out of 0 bytes used by permanent object pool.
[2015.04.03-18.58.58:226][  0]LogEngine: Initializing Engine...
[2015.04.03-18.58.58:446][  0]LogInit: XAudio2 using 'Speakers (High Definition Audio Device)' : 2 channels at 44.1 kHz using 16 bits per sample (channel mask 0x3)
[2015.04.03-18.58.58:456][  0]LogInit: FAudioDevice initialized.
[2015.04.03-18.58.58:508][  0]LogAIModule: Creating AISystem for world NewWorld
[2015.04.03-18.58.58:537][  0]LogDerivedDataCache: Saved boot cache 0.03s 39MB C:/Users/Zeetermin/AppData/Local/UnrealEngine/4.6/DerivedDataCache/Boot.ddc.
[2015.04.03-18.58.58:544][  0]LogInit: Texture streaming: Enabled
[2015.04.03-18.58.58:616][  0]LogAnalytics: Creating configured Analytics provider AnalyticsET
[2015.04.03-18.58.58:616][  0]LogAnalytics: ET APIKey = Rocket.Release. APIServer = http://et2.epicgames.com/ET2/. AppVersion = 4.6.1-2386410+++depot+UE4-Releases+4.6
[2015.04.03-18.58.58:619][  0]LogAnalytics: SetUserId 7c2a011af95555669edc7b73a08ab085
[2015.04.03-18.58.58:619][  0]LogAnalytics: AnalyticsET::StartSession [Rocket.Release]
[2015.04.03-18.58.59:068][  0]LogInit: Transaction tracking system initialized
[2015.04.03-18.58.59:340][  0]BlueprintLog: New page: Editor Load
[2015.04.03-18.58.59:428][  0]LogAssetRegistry: FAssetRegistry took 0.0095 seconds to start up
[2015.04.03-18.58.59:429][  0]LogDirectoryWatcher:Warning: Failed to begin reading directory changes for ../../../Engine/Plugins/Experimental/CharacterAI/Content/. Error: 0
[2015.04.03-18.59.00:408][  0]LogTargetPlatformManager:Display: Building Assets For Windows
[2015.04.03-18.59.00:895][  0]LogTargetPlatformManager:Display: Building Assets For Windows
[2015.04.03-18.59.01:459][  0]LogConsoleResponse:Display: 
[2015.04.03-18.59.01:527][  0]LogLinker:Warning: Asset '../../../Engine/Content/Functions/Engine_MaterialFunctions03/Procedurals/ComputeFilterWidth.uasset' has been saved with empty engine version. The asset will be loaded but may be incompatible.
[2015.04.03-18.59.01:980][  0]SourceControl: Info Source control is d